<?xml version="1.0" encoding="UTF-8"?>
<testng-results skipped="0" failed="0" total="1" passed="1">
  <reporter-output>
  </reporter-output>
  <suite name="Default suite" duration-ms="31605" started-at="2022-07-06T07:00:15Z" finished-at="2022-07-06T07:00:47Z">
    <groups>
    </groups>
    <test name="Default test" duration-ms="31605" started-at="2022-07-06T07:00:15Z" finished-at="2022-07-06T07:00:47Z">
      <class name="testcases.dataDrivenTestCases.LandingPageTest">
        <test-method status="PASS" signature="setUpSuite()[pri:0, instance:testcases.dataDrivenTestCases.LandingPageTest@6500df86]" name="setUpSuite" is-config="true" duration-ms="3124" started-at="2022-07-06T12:30:12Z" finished-at="2022-07-06T12:30:15Z">
          <reporter-output>
          </reporter-output>
        </test-method> <!-- setUpSuite -->
        <test-method status="PASS" signature="intialisation()[pri:0, instance:testcases.dataDrivenTestCases.LandingPageTest@6500df86]" name="intialisation" is-config="true" duration-ms="13391" started-at="2022-07-06T12:30:15Z" finished-at="2022-07-06T12:30:28Z">
          <reporter-output>
          </reporter-output>
        </test-method> <!-- intialisation -->
        <test-method status="PASS" signature="doRegister(java.lang.String, java.lang.String, java.lang.String, java.lang.String, java.lang.String, java.lang.String)[pri:0, instance:testcases.dataDrivenTestCases.LandingPageTest@6500df86]" name="doRegister" duration-ms="16741" started-at="2022-07-06T12:30:28Z" data-provider="getTestData" finished-at="2022-07-06T12:30:45Z">
          <params>
            <param index="0">
              <value>
                <![CDATA[Samal]]>
              </value>
            </param>
            <param index="1">
              <value>
                <![CDATA[Samal]]>
              </value>
            </param>
            <param index="2">
              <value>
                <![CDATA[debasishsamassssl.dl@gmail.com]]>
              </value>
            </param>
            <param index="3">
              <value>
                <![CDATA[1.23456777E8]]>
              </value>
            </param>
            <param index="4">
              <value>
                <![CDATA[deba123]]>
              </value>
            </param>
            <param index="5">
              <value>
                <![CDATA[deba123]]>
              </value>
            </param>
          </params>
          <reporter-output>
          </reporter-output>
        </test-method> <!-- doRegister -->
        <test-method status="PASS" signature="teardownMethod(org.testng.ITestResult)[pri:0, instance:testcases.dataDrivenTestCases.LandingPageTest@6500df86]" name="teardownMethod" is-config="true" duration-ms="1316" started-at="2022-07-06T12:30:45Z" finished-at="2022-07-06T12:30:47Z">
          <params>
            <param index="0">
              <value>
                <![CDATA[[TestResult name=doRegister status=SUCCESS method=LandingPageTest.doRegister(java.lang.String, java.lang.String, java.lang.String, java.lang.String, java.lang.String, java.lang.String)[pri:0, instance:testcases.dataDrivenTestCases.LandingPageTest@6500df86] output={null}]]]>
              </value>
            </param>
          </params>
          <reporter-output>
          </reporter-output>
        </test-method> <!-- teardownMethod -->
        <test-method status="PASS" signature="tearDown()[pri:0, instance:testcases.dataDrivenTestCases.LandingPageTest@6500df86]" name="tearDown" is-config="true" duration-ms="1863" started-at="2022-07-06T12:30:47Z" finished-at="2022-07-06T12:30:48Z">
          <reporter-output>
          </reporter-output>
        </test-method> <!-- tearDown -->
      </class> <!-- testcases.dataDrivenTestCases.LandingPageTest -->
    </test> <!-- Default test -->
  </suite> <!-- Default suite -->
</testng-results>
